<?xml version="1.0" encoding="UTF-8"?>
<testsuite name="edu.jsu.mcis.HelloWorldTest" tests="2" skipped="0" failures="0" errors="0" timestamp="2018-01-29T19:15:56" hostname="LAPTOP-BJQPBHOS" time="0.009">
  <properties/>
  <testcase name="testReverseIt" classname="edu.jsu.mcis.HelloWorldTest" time="0.006"/>
  <testcase name="testShowIt" classname="edu.jsu.mcis.HelloWorldTest" time="0.001"/>
  <system-out><![CDATA[]]></system-out>
  <system-err><![CDATA[]]></system-err>
</testsuite>
